#
# There is insufficient memory for the Java Runtime Environment to continue.
# Native memory allocation (mmap) failed to map 134217728 bytes for G1 virtual space
# Possible reasons:
#   The system is out of physical RAM or swap space
#   The process is running with CompressedOops enabled, and the Java Heap may be blocking the growth of the native heap
# Possible solutions:
#   Reduce memory load on the system
#   Increase physical memory or swap space
#   Check if swap backing store is full
#   Decrease Java heap size (-Xmx/-Xms)
#   Decrease number of Java threads
#   Decrease Java thread stack sizes (-Xss)
#   Set larger code cache with -XX:ReservedCodeCacheSize=
#   JVM is running with Unscaled Compressed Oops mode in which the Java heap is
#     placed in the first 4GB address space. The Java Heap base address is the
#     maximum limit for the native heap growth. Please use -XX:HeapBaseMinAddress
#     to set the Java Heap base and to place the Java Heap above 4GB virtual address.
# This output file may be truncated or incomplete.
#
#  Out of Memory Error (os_windows.cpp:3469), pid=468, tid=6520
#
# JRE version:  (17.0+35) (build )
# Java VM: Java HotSpot(TM) 64-Bit Server VM (17+35-LTS-2724, mixed mode, sharing, tiered, compressed oops, compressed class ptrs, g1 gc, windows-amd64)
# No core dump will be written. Minidumps are not enabled by default on client versions of Windows
#

---------------  S U M M A R Y ------------

Command Line: -ea -Didea.test.cyclic.buffer.size=1048576 -javaagent:C:\Program Files\JetBrains\IntelliJ IDEA Community Edition 2021.1.1\lib\idea_rt.jar=56198:C:\Program Files\JetBrains\IntelliJ IDEA Community Edition 2021.1.1\bin -Dfile.encoding=UTF-8 com.intellij.rt.junit.JUnitStarter -ideVersion5 -junit4 com.alura.appium.FeatureCadastro,nao_consigo_cadastrar_usuario_com_senhas_que_nao_conferem

Host: Intel(R) Core(TM) i5-7200U CPU @ 2.50GHz, 4 cores, 7G,  Windows 10 , 64 bit Build 18362 (10.0.18362.1316)
Time: Wed Oct 20 15:02:01 2021 Hora oficial do Brasil elapsed time: 0.086143 seconds (0d 0h 0m 0s)

---------------  T H R E A D  ---------------

Current thread (0x000001ec58886990):  JavaThread "Unknown thread" [_thread_in_vm, id=6520, stack(0x000000dc5da00000,0x000000dc5db00000)]

Stack: [0x000000dc5da00000,0x000000dc5db00000]
Native frames: (J=compiled Java code, j=interpreted, Vv=VM code, C=native code)
V  [jvm.dll+0x66f8ea]
V  [jvm.dll+0x7ce224]
V  [jvm.dll+0x7cf9ce]
V  [jvm.dll+0x7d0033]
V  [jvm.dll+0x242bb5]
V  [jvm.dll+0x66c909]
V  [jvm.dll+0x6613d2]
V  [jvm.dll+0x30082b]
V  [jvm.dll+0x307db6]
V  [jvm.dll+0x357a0e]
V  [jvm.dll+0x357c3f]
V  [jvm.dll+0x2d7ae8]
V  [jvm.dll+0x2d8a54]
V  [jvm.dll+0x7a00a1]
V  [jvm.dll+0x365781]
V  [jvm.dll+0x77f59c]
V  [jvm.dll+0x3e805f]
V  [jvm.dll+0x3e9b01]
C  [jli.dll+0x527b]
C  [ucrtbase.dll+0x210b2]
C  [KERNEL32.DLL+0x17c24]
C  [ntdll.dll+0x6d4d1]


---------------  P R O C E S S  ---------------

Threads class SMR info:
_java_thread_list=0x00007ffaf1b17818, length=0, elements={
}

Java Threads: ( => current thread )

Other Threads:
  0x000001ec588c5f10 GCTaskThread "GC Thread#0" [stack: 0x000000dc5db00000,0x000000dc5dc00000] [id=5464]
  0x000001ec588d6a60 ConcurrentGCThread "G1 Main Marker" [stack: 0x000000dc5dc00000,0x000000dc5dd00000] [id=12072]
  0x000001ec588d7380 ConcurrentGCThread "G1 Conc#0" [stack: 0x000000dc5dd00000,0x000000dc5de00000] [id=11560]

[error occurred during error reporting (printing all threads), id 0xc0000005, EXCEPTION_ACCESS_VIOLATION (0xc0000005) at pc=0x00007ffaf13684c7]

VM state: not at safepoint (not fully initialized)

VM Mutex/Monitor currently owned by a thread:  ([mutex/lock_event])
[0x000001ec588834f0] Heap_lock - owner thread: 0x000001ec58886990

Heap address: 0x0000000081800000, size: 2024 MB, Compressed Oops mode: 32-bit

CDS archive(s) mapped at: [0x0000000000000000-0x0000000000000000-0x0000000000000000), size 0, SharedBaseAddress: 0x0000000800000000, ArchiveRelocationMode: 0.
Narrow klass base: 0x0000000000000000, Narrow klass shift: 0, Narrow klass range: 0x0

GC Precious Log:
<Empty>

Heap:
 garbage-first heap   total 0K, used 0K [0x0000000081800000, 0x0000000100000000)
  region size 1024K, 0 young (0K), 0 survivors (0K)

[error occurred during error reporting (printing heap information), id 0xc0000005, EXCEPTION_ACCESS_VIOLATION (0xc0000005) at pc=0x00007ffaf1748c59]

GC Heap History (0 events):
No events

Deoptimization events (0 events):
No events

Classes unloaded (0 events):
No events

Classes redefined (0 events):
No events

Internal exceptions (0 events):
No events

VM Operations (0 events):
No events

Events (1 events):
Event: 0.053 Loaded shared library C:\Program Files\Java\jdk-17\bin\java.dll


Dynamic libraries:
0x00007ff7f53c0000 - 0x00007ff7f53d0000 	C:\Program Files\Java\jdk-17\bin\java.exe
0x00007ffb401a0000 - 0x00007ffb40390000 	C:\WINDOWS\SYSTEM32\ntdll.dll
0x00007ffb3e320000 - 0x00007ffb3e3d2000 	C:\WINDOWS\System32\KERNEL32.DLL
0x00007ffb3d220000 - 0x00007ffb3d4c5000 	C:\WINDOWS\System32\KERNELBASE.dll
0x00007ffb3d120000 - 0x00007ffb3d21a000 	C:\WINDOWS\System32\ucrtbase.dll
0x00007ffb38f90000 - 0x00007ffb38faa000 	C:\Program Files\Java\jdk-17\bin\VCRUNTIME140.dll
0x00007ffb38f70000 - 0x00007ffb38f88000 	C:\Program Files\Java\jdk-17\bin\jli.dll
0x00007ffb3fec0000 - 0x00007ffb3ff63000 	C:\WINDOWS\System32\ADVAPI32.dll
0x00007ffb3e660000 - 0x00007ffb3e6fe000 	C:\WINDOWS\System32\msvcrt.dll
0x00007ffb3f050000 - 0x00007ffb3f0e7000 	C:\WINDOWS\System32\sechost.dll
0x00007ffb3f970000 - 0x00007ffb3fa8f000 	C:\WINDOWS\System32\RPCRT4.dll
0x00007ffb3eb70000 - 0x00007ffb3ed04000 	C:\WINDOWS\System32\USER32.dll
0x00007ffb3d4d0000 - 0x00007ffb3d4f1000 	C:\WINDOWS\System32\win32u.dll
0x00007ffb3f250000 - 0x00007ffb3f276000 	C:\WINDOWS\System32\GDI32.dll
0x00007ffb23830000 - 0x00007ffb23ab4000 	C:\WINDOWS\WinSxS\amd64_microsoft.windows.common-controls_6595b64144ccf1df_6.0.18362.1316_none_9e7a364fe461dbd7\COMCTL32.dll
0x00007ffb3ed10000 - 0x00007ffb3f047000 	C:\WINDOWS\System32\combase.dll
0x00007ffb3d840000 - 0x00007ffb3d9d8000 	C:\WINDOWS\System32\gdi32full.dll
0x00007ffb3da40000 - 0x00007ffb3dac1000 	C:\WINDOWS\System32\bcryptPrimitives.dll
0x00007ffb3d770000 - 0x00007ffb3d80e000 	C:\WINDOWS\System32\msvcp_win.dll
0x00007ffb36860000 - 0x00007ffb3686a000 	C:\WINDOWS\SYSTEM32\VERSION.dll
0x00007ffb3e2f0000 - 0x00007ffb3e31e000 	C:\WINDOWS\System32\IMM32.DLL
0x00007ffb38740000 - 0x00007ffb3874c000 	C:\Program Files\Java\jdk-17\bin\vcruntime140_1.dll
0x00007ffb31240000 - 0x00007ffb312cd000 	C:\Program Files\Java\jdk-17\bin\msvcp140.dll
0x00007ffaf1080000 - 0x00007ffaf1c3e000 	C:\Program Files\Java\jdk-17\bin\server\jvm.dll
0x00007ffb3e2d0000 - 0x00007ffb3e2d8000 	C:\WINDOWS\System32\PSAPI.DLL
0x00007ffb26940000 - 0x00007ffb26949000 	C:\WINDOWS\SYSTEM32\WSOCK32.dll
0x00007ffb38670000 - 0x00007ffb38694000 	C:\WINDOWS\SYSTEM32\WINMM.dll
0x00007ffb3fd90000 - 0x00007ffb3fdff000 	C:\WINDOWS\System32\WS2_32.dll
0x00007ffb38460000 - 0x00007ffb3848d000 	C:\WINDOWS\SYSTEM32\WINMMBASE.dll
0x00007ffb3d5d0000 - 0x00007ffb3d61a000 	C:\WINDOWS\System32\cfgmgr32.dll
0x00007ffb3d0e0000 - 0x00007ffb3d0f1000 	C:\WINDOWS\System32\kernel.appcore.dll
0x00007ffb38730000 - 0x00007ffb3873a000 	C:\Program Files\Java\jdk-17\bin\jimage.dll
0x00007ffb3b990000 - 0x00007ffb3bb84000 	C:\WINDOWS\SYSTEM32\DBGHELP.DLL
0x00007ffb2b3a0000 - 0x00007ffb2b3ca000 	C:\WINDOWS\SYSTEM32\dbgcore.DLL
0x00007ffb38720000 - 0x00007ffb3872e000 	C:\Program Files\Java\jdk-17\bin\instrument.dll
0x00007ffb31f50000 - 0x00007ffb31f75000 	C:\Program Files\Java\jdk-17\bin\java.dll

dbghelp: loaded successfully - version: 4.0.5 - missing functions: none
symbol engine: initialized successfully - sym options: 0x614 - pdb path: .;C:\Program Files\Java\jdk-17\bin;C:\WINDOWS\SYSTEM32;C:\WINDOWS\WinSxS\amd64_microsoft.windows.common-controls_6595b64144ccf1df_6.0.18362.1316_none_9e7a364fe461dbd7;C:\Program Files\Java\jdk-17\bin\server

VM Arguments:
jvm_args: -ea -Didea.test.cyclic.buffer.size=1048576 -javaagent:C:\Program Files\JetBrains\IntelliJ IDEA Community Edition 2021.1.1\lib\idea_rt.jar=56198:C:\Program Files\JetBrains\IntelliJ IDEA Community Edition 2021.1.1\bin -Dfile.encoding=UTF-8 
java_command: com.intellij.rt.junit.JUnitStarter -ideVersion5 -junit4 com.alura.appium.FeatureCadastro,nao_consigo_cadastrar_usuario_com_senhas_que_nao_conferem
java_class_path (initial): C:\Program Files\JetBrains\IntelliJ IDEA Community Edition 2021.1.1\lib\idea_rt.jar;C:\Program Files\JetBrains\IntelliJ IDEA Community Edition 2021.1.1\plugins\junit\lib\junit5-rt.jar;C:\Program Files\JetBrains\IntelliJ IDEA Community Edition 2021.1.1\plugins\junit\lib\junit-rt.jar;C:\Users\Nataliaado\Documents\AluraAppium\target\test-classes;C:\Users\Nataliaado\Documents\AluraAppium\target\classes;C:\Users\Nataliaado\.m2\repository\junit\junit\4.11\junit-4.11.jar;C:\Users\Nataliaado\.m2\repository\org\hamcrest\hamcrest-core\1.3\hamcrest-core-1.3.jar;C:\Users\Nataliaado\.m2\repository\io\appium\java-client\7.3.0\java-client-7.3.0.jar;C:\Users\Nataliaado\.m2\repository\org\seleniumhq\selenium\selenium-java\3.141.59\selenium-java-3.141.59.jar;C:\Users\Nataliaado\.m2\repository\org\seleniumhq\selenium\selenium-chrome-driver\3.141.59\selenium-chrome-driver-3.141.59.jar;C:\Users\Nataliaado\.m2\repository\org\seleniumhq\selenium\selenium-edge-driver\3.141.59\selenium-edge-driver-3.141.59.jar;C:\Users\Nataliaado\.m2\repository\org\seleniumhq\selenium\selenium-firefox-driver\3.141.59\selenium-firefox-driver-3.141.59.jar;C:\Users\Nataliaado\.m2\repository\org\seleniumhq\selenium\selenium-ie-driver\3.141.59\selenium-ie-driver-3.141.59.jar;C:\Users\Nataliaado\.m2\repository\org\seleniumhq\selenium\selenium-opera-driver\3.141.59\selenium-opera-driver-3.141.59.jar;C:\Users\Nataliaado\.m2\repository\org\seleniumhq\selenium\selenium-remote-driver\3.141.59\selenium-remote-driver-3.141.59.jar;C:\Users\Nataliaado\.m2\repository\org\seleniumhq\selenium\selenium-safari-driver\3.141.59\selenium-safari-driver-3.141.59.jar;C:\Users\Nataliaado\.m2\repository\net\bytebuddy\byte-buddy\1.8.15\byte-buddy-1.8.15.jar;C:\Users\Nataliaado\.m2\repository\org\apache\commons\commons-exec\1.3\commons-exec-1.3.jar;C:\Users\Nataliaado\.m2\repository\com\google\guava\guava\25.0-jre\guava-25.0-jre.jar;C:\Users\Nataliaado\.m2\repository\com\google\code\findbugs\jsr305\1.3.9\jsr
Launcher Type: SUN_STANDARD

[Global flags]
     intx CICompilerCount                          = 3                                         {product} {ergonomic}
     uint ConcGCThreads                            = 1                                         {product} {ergonomic}
     uint G1ConcRefinementThreads                  = 4                                         {product} {ergonomic}
   size_t G1HeapRegionSize                         = 1048576                                   {product} {ergonomic}
    uintx GCDrainStackTargetSize                   = 64                                        {product} {ergonomic}
   size_t InitialHeapSize                          = 134217728                                 {product} {ergonomic}
   size_t MarkStackSize                            = 4194304                                   {product} {ergonomic}
   size_t MaxHeapSize                              = 2122317824                                {product} {ergonomic}
   size_t MinHeapDeltaBytes                        = 1048576                                   {product} {ergonomic}
   size_t MinHeapSize                              = 8388608                                   {product} {ergonomic}
    uintx NonNMethodCodeHeapSize                   = 5832780                                {pd product} {ergonomic}
    uintx NonProfiledCodeHeapSize                  = 122912730                              {pd product} {ergonomic}
    uintx ProfiledCodeHeapSize                     = 122912730                              {pd product} {ergonomic}
    uintx ReservedCodeCacheSize                    = 251658240                              {pd product} {ergonomic}
     bool SegmentedCodeCache                       = true                                      {product} {ergonomic}
   size_t SoftMaxHeapSize                          = 2122317824                             {manageable} {ergonomic}
     bool UseCompressedClassPointers               = true                           {product lp64_product} {ergonomic}
     bool UseCompressedOops                        = true                           {product lp64_product} {ergonomic}
     bool UseG1GC                                  = true                                      {product} {ergonomic}
     bool UseLargePagesIndividualAllocation        = false                                  {pd product} {ergonomic}

Logging:
Log output configuration:
 #0: stdout all=warning uptime,level,tags
 #1: stderr all=off uptime,level,tags

Environment Variables:
JAVA_HOME=C:\Program Files\Java\jdk-17
PATH=C:\Program Files\Common Files\Oracle\Java\javapath;C:\Program Files (x86)\Common Files\Oracle\Java\javapath;C:\Windows\system32;C:\Windows;C:\Windows\System32\Wbem;C:\Windows\System32\WindowsPowerShell\v1.0\;C:\Program Files (x86)\NVIDIA Corporation\PhysX\Common;C:\WINDOWS\system32;C:\WINDOWS;C:\WINDOWS\System32\Wbem;C:\WINDOWS\System32\WindowsPowerShell\v1.0\;C:\WINDOWS\System32\OpenSSH\;C:\Program Files (x86)\Intel\Intel(R) Management Engine Components\DAL;C:\Program Files\Intel\Intel(R) Management Engine Components\DAL;C:\Program Files\nodejs\;C:\Program Files\Git\cmd;C:\Users\Nataliaado\AppData\Local\Android\Sdk\tools;C:\Users\Nataliaado\AppData\Local\Android\Sdk\tools\bin;C:\Users\Nataliaado\AppData\Local\Android\Sdk\platform-tools;C:\Program Files\Java\jdk-17\bin;%M2_HOME%\bin;C:\Users\Nataliaado\AppData\Local\Android\Sdk\tools\bin;"C:\Users\Nataliaado\AppData\Local\Microsoft\WindowsApps;C:\Program Files\bin";C:\Users\Nataliaado\AppData\Roaming\npm;%M2_HOME%\bin;
USERNAME=Nataliaado
OS=Windows_NT
PROCESSOR_IDENTIFIER=Intel64 Family 6 Model 142 Stepping 9, GenuineIntel



---------------  S Y S T E M  ---------------

OS:
 Windows 10 , 64 bit Build 18362 (10.0.18362.1316)
OS uptime: 0 days 1:11 hours

CPU: total 4 (initial active 4) (2 cores per cpu, 2 threads per core) family 6 model 142 stepping 9 microcode 0x8e, cx8, cmov, fxsr, ht, mmx, 3dnowpref, sse, sse2, sse3, ssse3, sse4.1, sse4.2, popcnt, lzcnt, tsc, tscinvbit, avx, avx2, aes, erms, clmul, bmi1, bmi2, adx, fma, vzeroupper, clflush, clflushopt

Memory: 4k page, system-wide physical 8090M (1113M free)
TotalPageFile size 8090M (AvailPageFile size 74M)
current process WorkingSet (physical memory assigned to process): 10M, peak: 10M
current process commit charge ("private bytes"): 51M, peak: 179M

vm_info: Java HotSpot(TM) 64-Bit Server VM (17+35-LTS-2724) for windows-amd64 JRE (17+35-LTS-2724), built on Aug  5 2021 23:28:28 by "mach5one" with MS VC++ 16.8 (VS2019)

END.
